#
# A fatal error has been detected by the Java Runtime Environment:
#
#  EXCEPTION_ACCESS_VIOLATION (0xc0000005) at pc=0x00007ffa38a0219e, pid=10068, tid=3624
#
# JRE version:  (17.0.12+8) (build )
# Java VM: Java HotSpot(TM) 64-Bit Server VM (17.0.12+8-LTS-286, mixed mode, sharing, tiered, compressed oops, compressed class ptrs, g1 gc, windows-amd64)
# Problematic frame:
# V  [jvm.dll+0x2c219e]
#
# No core dump will be written. Minidumps are not enabled by default on client versions of Windows
#
#

---------------  S U M M A R Y ------------

Command Line: 

Host: Intel(R) Core(TM) i7-8700 CPU @ 3.20GHz, 12 cores, 15G,  Windows 10 , 64 bit Build 19041 (10.0.19041.5915)
Time: Fri Dec  5 09:01:38 2025 Hora oficial do Brasil elapsed time: 0.020724 seconds (0d 0h 0m 0s)

---------------  T H R E A D  ---------------

Current thread (0x0000022786fca230):  JavaThread "Unknown thread" [_thread_in_vm, id=3624, stack(0x0000007e4ec00000,0x0000007e4ed00000)]

Stack: [0x0000007e4ec00000,0x0000007e4ed00000],  sp=0x0000007e4ecfef30,  free space=1019k
Native frames: (J=compiled Java code, j=interpreted, Vv=VM code, C=native code)
V  [jvm.dll+0x2c219e]
V  [jvm.dll+0x2c2605]
V  [jvm.dll+0x6269d6]
V  [jvm.dll+0x626c03]
V  [jvm.dll+0x6260e3]
V  [jvm.dll+0x621e18]
V  [jvm.dll+0x7aca55]
V  [jvm.dll+0x367591]
V  [jvm.dll+0x78b999]
V  [jvm.dll+0x3ec83f]
V  [jvm.dll+0x3ee471]
C  [jli.dll+0x5297]
C  [ucrtbase.dll+0x21bb2]
C  [KERNEL32.DLL+0x17374]
C  [ntdll.dll+0x4cc91]


siginfo: EXCEPTION_ACCESS_VIOLATION (0xc0000005), reading address 0x0000000000000000


Registers:
RAX=0x00002493e159c51e, RBX=0x0000000000000000, RCX=0x0000000000000000, RDX=0x00007ffa39035d01
RSP=0x0000007e4ecfef30, RBP=0x0000000000000001, RSI=0x00000227a38f5348, RDI=0x0000000000000000
R8 =0x0000000000000001, R9 =0x0000000000000001, R10=0x0000000000000000, R11=0x0000000000000246
R12=0x0000000000000000, R13=0x0000000000000000, R14=0x0000000000000001, R15=0x00000227a3000000
RIP=0x00007ffa38a0219e, EFLAGS=0x0000000000010246


Top of Stack: (sp=0x0000007e4ecfef30)
0x0000007e4ecfef30:   00000227a3bd0000 0000000800000000
0x0000007e4ecfef40:   0000000800bd0000 00000227a3000000
0x0000007e4ecfef50:   00000227a3bd0000 0000021fa3000000
0x0000007e4ecfef60:   0000007e4ecff080 0000000000000001
0x0000007e4ecfef70:   00002493e159c49e 00000227a2855860
0x0000007e4ecfef80:   00002493e159c51e 00000227a2855860
0x0000007e4ecfef90:   0000000000000000 00007ffa38a02605
0x0000007e4ecfefa0:   00000227a3000000 0000000000000000
0x0000007e4ecfefb0:   00000227a2855860 0000000000000000
0x0000007e4ecfefc0:   00000227a38f5340 0000000000000001
0x0000007e4ecfefd0:   00000227a3000000 0000000001000000
0x0000007e4ecfefe0:   0000000000000000 0000000000010000
0x0000007e4ecfeff0:   0000000000001000 ffffffffa6ee4c00
0x0000007e4ecff000:   00000000ffffff00 00007ffaa6ee4dc6
0x0000007e4ecff010:   00002493e159c58e 0000000000000000
0x0000007e4ecff020:   0000000000000000 0000000000000000 

Instructions: (pc=0x00007ffa38a0219e)
0x00007ffa38a0209e:   8e 1d 63 00 e8 29 30 f8 ff 48 8b 0d f2 5d 83 00
0x00007ffa38a020ae:   48 85 c9 74 22 44 0f b6 83 41 02 00 00 48 8d 0d
0x00007ffa38a020be:   3e 4c 63 00 0f b6 93 40 02 00 00 e8 62 4f de ff
0x00007ffa38a020ce:   48 8b 0d cb 5d 83 00 0f b6 05 3b 6e 84 00 38 83
0x00007ffa38a020de:   40 02 00 00 75 60 0f b6 05 6d 6e 84 00 38 83 41
0x00007ffa38a020ee:   02 00 00 75 51 80 bb a1 03 00 00 00 75 1f c6 05
0x00007ffa38a020fe:   ed 29 7f 00 00 48 85 c9 74 13 48 8d 0d f1 4c 63
0x00007ffa38a0210e:   00 e8 1c 4f de ff 48 8b 0d 85 5d 83 00 80 bb a2
0x00007ffa38a0211e:   03 00 00 00 75 18 c6 05 c6 29 7f 00 00 48 85 c9
0x00007ffa38a0212e:   74 0c 48 8d 0d 39 4d 63 00 e8 f4 4e de ff b0 01
0x00007ffa38a0213e:   48 83 c4 20 5b c3 48 8d 0d 15 4c 63 00 e8 c0 d5
0x00007ffa38a0214e:   ff ff 32 c0 48 83 c4 20 5b c3 cc cc cc cc cc cc
0x00007ffa38a0215e:   cc cc 48 89 5c 24 10 48 89 6c 24 18 48 89 74 24
0x00007ffa38a0216e:   20 57 48 83 ec 60 48 8b 05 4d f0 80 00 48 33 c4
0x00007ffa38a0217e:   48 89 44 24 50 80 3d 21 0b 7e 00 00 0f b6 ea 48
0x00007ffa38a0218e:   8b f1 74 17 80 39 00 75 12 48 8b 0d 3a c1 83 00
0x00007ffa38a0219e:   48 8b 01 ff 50 20 48 8b d8 eb 08 48 8b 59 18 48
0x00007ffa38a021ae:   83 c3 04 48 83 3d 27 c2 83 00 00 40 b7 01 74 0f
0x00007ffa38a021be:   48 8b d3 48 8d 0d b8 37 63 00 e8 23 b4 f2 ff 48
0x00007ffa38a021ce:   8d 54 24 20 48 8b cb e8 c6 6a 3b 00 85 c0 74 19
0x00007ffa38a021de:   40 84 ed 74 14 48 8b d3 48 8d 0d bb 37 63 00 e8
0x00007ffa38a021ee:   1e d5 ff ff 40 32 ff eb 7a 80 3e 02 75 20 48 8b
0x00007ffa38a021fe:   cb e8 fc 0f 3b 00 84 c0 75 69 48 8b d3 48 8d 0d
0x00007ffa38a0220e:   c6 37 63 00 e8 f9 d4 ff ff 40 32 ff eb 55 48 8b
0x00007ffa38a0221e:   56 08 4c 8b 44 24 40 48 85 d2 74 05 49 3b d0 75
0x00007ffa38a0222e:   0b 48 63 44 24 34 48 39 46 10 74 37 40 32 ff 40
0x00007ffa38a0223e:   38 3d 6a 6e 84 00 74 1c 49 3b d0 48 8d 05 a8 37
0x00007ffa38a0224e:   63 00 48 8d 0d b9 37 63 00 48 0f 45 c8 e8 b0 d4
0x00007ffa38a0225e:   ff ff eb 0f 48 8b d3 48 8d 0d c4 37 63 00 e8 9f
0x00007ffa38a0226e:   d4 ff ff 80 3d 36 6e 84 00 00 74 10 40 84 ff 75
0x00007ffa38a0227e:   0b c6 05 ab b7 85 00 01 b0 01 eb 04 40 0f b6 c7
0x00007ffa38a0228e:   48 8b 4c 24 50 48 33 cc e8 b5 42 57 00 4c 8d 5c 



---------------  P R O C E S S  ---------------

Threads class SMR info:
_java_thread_list=0x00007ffa391f7a18, length=0, elements={
}

Java Threads: ( => current thread )

Other Threads:
  0x00000227870341b0 GCTaskThread "GC Thread#0" [stack: 0x0000007e4ed00000,0x0000007e4ee00000] [id=17708]
  0x0000022787045fe0 ConcurrentGCThread "G1 Main Marker" [stack: 0x0000007e4ee00000,0x0000007e4ef00000] [id=23068]
  0x0000022787048a10 ConcurrentGCThread "G1 Conc#0" [stack: 0x0000007e4ef00000,0x0000007e4f000000] [id=13884]
  0x00000227a289d530 ConcurrentGCThread "G1 Refine#0" [stack: 0x0000007e4f000000,0x0000007e4f100000] [id=14932]
  0x00000227a289dd70 ConcurrentGCThread "G1 Service" [stack: 0x0000007e4f100000,0x0000007e4f200000] [id=22320]

=>0x0000022786fca230 (exited) JavaThread "Unknown thread" [_thread_in_vm, id=3624, stack(0x0000007e4ec00000,0x0000007e4ed00000)]

Threads with active compile tasks:

VM state: not at safepoint (not fully initialized)

VM Mutex/Monitor currently owned by a thread: None

Heap address: 0x0000000701200000, size: 4078 MB, Compressed Oops mode: Zero based, Oop shift amount: 3

CDS archive(s) mapped at: [0x0000000000000000-0x0000000000000000-0x0000000000000000), size 0, SharedBaseAddress: 0x0000000800000000, ArchiveRelocationMode: 1.
Narrow klass base: 0x0000000000000000, Narrow klass shift: 0, Narrow klass range: 0x0

GC Precious Log:
 CPUs: 12 total, 12 available
 Memory: 16304M
 Large Page Support: Disabled
 NUMA Support: Disabled
 Compressed Oops: Enabled (Zero based)
 Heap Region Size: 2M
 Heap Min Capacity: 8M
 Heap Initial Capacity: 256M
 Heap Max Capacity: 4078M
 Pre-touch: Disabled
 Parallel Workers: 10
 Concurrent Workers: 3
 Concurrent Refinement Workers: 10
 Periodic GC: Disabled

Heap:
 garbage-first heap   total 262144K, used 0K [0x0000000701200000, 0x0000000800000000)
  region size 2048K, 0 young (0K), 0 survivors (0K)

[error occurred during error reporting (printing heap information), id 0xc0000005, EXCEPTION_ACCESS_VIOLATION (0xc0000005) at pc=0x00007ffa38e13859]

GC Heap History (0 events):
No events

Deoptimization events (0 events):
No events

Classes unloaded (0 events):
No events

Classes redefined (0 events):
No events

Internal exceptions (0 events):
No events

VM Operations (0 events):
No events

Events (2 events):
Event: 0.004 Loaded shared library C:\Program Files\Java\jdk-17\bin\java.dll
Event: 0.005 Loaded shared library C:\Program Files\Java\jdk-17\bin\zip.dll


Dynamic libraries:
0x00007ff74f810000 - 0x00007ff74f820000 	C:\Program Files\Java\jdk-17\bin\java.exe
0x00007ffaa9430000 - 0x00007ffaa9628000 	C:\Windows\SYSTEM32\ntdll.dll
0x00007ffaa7c10000 - 0x00007ffaa7cd2000 	C:\Windows\System32\KERNEL32.DLL
0x00007ffaa70a0000 - 0x00007ffaa7396000 	C:\Windows\System32\KERNELBASE.dll
0x00007ffaa6e40000 - 0x00007ffaa6f40000 	C:\Windows\System32\ucrtbase.dll
0x00007ffa87b50000 - 0x00007ffa87b6b000 	C:\Program Files\Java\jdk-17\bin\VCRUNTIME140.dll
0x00007ffa87b30000 - 0x00007ffa87b49000 	C:\Program Files\Java\jdk-17\bin\jli.dll
0x00007ffaa7850000 - 0x00007ffaa7901000 	C:\Windows\System32\ADVAPI32.dll
0x00007ffaa7b10000 - 0x00007ffaa7bae000 	C:\Windows\System32\msvcrt.dll
0x00007ffaa77b0000 - 0x00007ffaa784f000 	C:\Windows\System32\sechost.dll
0x00007ffaa79f0000 - 0x00007ffaa7b10000 	C:\Windows\System32\RPCRT4.dll
0x00007ffaa7420000 - 0x00007ffaa7447000 	C:\Windows\System32\bcrypt.dll
0x00007ffaa8d90000 - 0x00007ffaa8f31000 	C:\Windows\System32\USER32.dll
0x00007ffa99b70000 - 0x00007ffa99e0b000 	C:\Windows\WinSxS\amd64_microsoft.windows.common-controls_6595b64144ccf1df_6.0.19041.6456_none_60b8a6cb71f64256\COMCTL32.dll
0x00007ffaa6ba0000 - 0x00007ffaa6bc2000 	C:\Windows\System32\win32u.dll
0x00007ffaa7be0000 - 0x00007ffaa7c0b000 	C:\Windows\System32\GDI32.dll
0x00007ffaa6c70000 - 0x00007ffaa6d89000 	C:\Windows\System32\gdi32full.dll
0x00007ffaa6bd0000 - 0x00007ffaa6c6d000 	C:\Windows\System32\msvcp_win.dll
0x00007ffaa16b0000 - 0x00007ffaa16ba000 	C:\Windows\SYSTEM32\VERSION.dll
0x00007ffaa7bb0000 - 0x00007ffaa7bdf000 	C:\Windows\System32\IMM32.DLL
0x00007ffa98520000 - 0x00007ffa9852c000 	C:\Program Files\Java\jdk-17\bin\vcruntime140_1.dll
0x00007ffa72780000 - 0x00007ffa7280e000 	C:\Program Files\Java\jdk-17\bin\msvcp140.dll
0x00007ffa38740000 - 0x00007ffa39320000 	C:\Program Files\Java\jdk-17\bin\server\jvm.dll
0x00007ffaa9100000 - 0x00007ffaa9108000 	C:\Windows\System32\PSAPI.DLL
0x00007ffa97860000 - 0x00007ffa97869000 	C:\Windows\SYSTEM32\WSOCK32.dll
0x00007ffa9b7f0000 - 0x00007ffa9b817000 	C:\Windows\SYSTEM32\WINMM.dll
0x00007ffaa8530000 - 0x00007ffaa859b000 	C:\Windows\System32\WS2_32.dll
0x00007ffaa4690000 - 0x00007ffaa46a2000 	C:\Windows\SYSTEM32\kernel.appcore.dll
0x00007ffa963b0000 - 0x00007ffa963ba000 	C:\Program Files\Java\jdk-17\bin\jimage.dll
0x00007ffa99fd0000 - 0x00007ffa9a1d1000 	C:\Windows\SYSTEM32\DBGHELP.DLL
0x00007ffa835c0000 - 0x00007ffa835f4000 	C:\Windows\SYSTEM32\dbgcore.DLL
0x00007ffaa6ac0000 - 0x00007ffaa6b42000 	C:\Windows\System32\bcryptPrimitives.dll
0x00007ffa87410000 - 0x00007ffa87435000 	C:\Program Files\Java\jdk-17\bin\java.dll
0x00007ffa82fb0000 - 0x00007ffa82fc8000 	C:\Program Files\Java\jdk-17\bin\zip.dll

dbghelp: loaded successfully - version: 4.0.5 - missing functions: none
symbol engine: initialized successfully - sym options: 0x614 - pdb path: .;C:\Program Files\Java\jdk-17\bin;C:\Windows\SYSTEM32;C:\Windows\WinSxS\amd64_microsoft.windows.common-controls_6595b64144ccf1df_6.0.19041.6456_none_60b8a6cb71f64256;C:\Program Files\Java\jdk-17\bin\server

VM Arguments:
java_command: <unknown>
java_class_path (initial): <not set>
Launcher Type: SUN_STANDARD

[Global flags]
     intx CICompilerCount                          = 4                                         {product} {ergonomic}
     uint ConcGCThreads                            = 3                                         {product} {ergonomic}
     uint G1ConcRefinementThreads                  = 10                                        {product} {ergonomic}
   size_t G1HeapRegionSize                         = 2097152                                   {product} {ergonomic}
    uintx GCDrainStackTargetSize                   = 64                                        {product} {ergonomic}
   size_t InitialHeapSize                          = 268435456                                 {product} {ergonomic}
   size_t MarkStackSize                            = 4194304                                   {product} {ergonomic}
   size_t MaxHeapSize                              = 4276092928                                {product} {ergonomic}
   size_t MaxNewSize                               = 2564816896                                {product} {ergonomic}
   size_t MinHeapDeltaBytes                        = 2097152                                   {product} {ergonomic}
   size_t MinHeapSize                              = 8388608                                   {product} {ergonomic}
    uintx NonNMethodCodeHeapSize                   = 5839372                                {pd product} {ergonomic}
    uintx NonProfiledCodeHeapSize                  = 122909434                              {pd product} {ergonomic}
    uintx ProfiledCodeHeapSize                     = 122909434                              {pd product} {ergonomic}
    uintx ReservedCodeCacheSize                    = 251658240                              {pd product} {ergonomic}
     bool SegmentedCodeCache                       = true                                      {product} {ergonomic}
   size_t SoftMaxHeapSize                          = 4276092928                             {manageable} {ergonomic}
     bool UseCompressedClassPointers               = true                           {product lp64_product} {ergonomic}
     bool UseCompressedOops                        = true                           {product lp64_product} {ergonomic}
     bool UseG1GC                                  = true                                      {product} {ergonomic}
     bool UseLargePagesIndividualAllocation        = false                                  {pd product} {ergonomic}

Logging:
Log output configuration:
 #0: stdout all=warning uptime,level,tags
 #1: stderr all=off uptime,level,tags

Environment Variables:
JAVA_HOME=C:\Program Files\Java\jdk-17
PATH=C:\Program Files\Java\jdk-17\bin;C:\Program Files (x86)\Borland\Delphi7\Bin;C:\Program Files (x86)\Borland\Delphi7\Projects\Bpl\;C:\Program Files\Eclipse Adoptium\jdk-21.0.8.9-hotspot\bin;C:\Program Files (x86)\Common Files\Oracle\Java\javapath;C:\Program Files (x86)\Embarcadero\Studio\23.0\bin;C:\Users\Public\Documents\Embarcadero\Studio\23.0\Bpl;C:\Program Files (x86)\Embarcadero\Studio\23.0\bin64;C:\Users\Public\Documents\Embarcadero\Studio\23.0\Bpl\Win64;C:\Inprise\vbroker\bin;C:\Windows\system32;C:\Windows;C:\Windows\System32\Wbem;C:\Windows\System32\WindowsPowerShell\v1.0\;C:\Windows\System32\OpenSSH\;C:\Program Files\TortoiseSVN\bin;C:\Program Files (x86)\Windows Kits\10\Windows Performance Toolkit\;C:\Program Files (x86)\Microsoft SQL Server\160\Tools\Binn\;C:\Program Files\Microsoft SQL Server\160\Tools\Binn\;C:\Program Files\Microsoft SQL Server\Client SDK\ODBC\170\Tools\Binn\;C:\Program Files\Microsoft SQL Server\160\DTS\Binn\;C:\Program Files (x86)\Microsoft SQL Server\160\DTS\Binn\;C:\Program Files\php-8.1.33;;C:\Program Files (x86)\HK-Software\IBExpert\;;C:\Program Files (x86)\HK-Software\IBExpert\tools\;C:\Program Files\nodejs\;C:\Users\dev15\AppData\Local\Programs\Python\Python314\Scripts\;C:\Users\dev15\AppData\Local\Programs\Python\Python314\;C:\Users\dev15\AppData\Local\Programs\Python\Launcher\;C:\Program Files (x86)\Borland\Delphi7\Bin;C:\Program Files (x86)\Borland\Delphi7\Projects\Bpl\;C:\Program Files\Eclipse Adoptium\jdk-21.0.8.9-hotspot\bin;C:\Program Files (x86)\Common Files\Oracle\Java\javapath;C:\Program Files (x86)\Embarcadero\Studio\23.0\bin;C:\Users\Public\Documents\Embarcadero\Studio\23.0\Bpl;C:\Program Files (x86)\Embarcadero\Studio\23.0\bin64;C:\Users\Public\Documents\Embarcadero\Studio\23.0\Bpl\Win64;C:\Inprise\vbroker\bin;C:\Windows\system32;C:\Windows;C:\Windows\System32\Wbem;C:\Windows\System32\WindowsPowerShell\v1.0\;C:\Windows\System32\OpenSSH\;C:\Program Files\TortoiseSVN\bin;C:\Program Files (x86)\Windows Kits\10\Windows 
USERNAME=dev15
LANG=en_US.UTF-8
OS=Windows_NT
PROCESSOR_IDENTIFIER=Intel64 Family 6 Model 158 Stepping 10, GenuineIntel



---------------  S Y S T E M  ---------------

OS:
 Windows 10 , 64 bit Build 19041 (10.0.19041.5915)
OS uptime: 1 days 17:59 hours

CPU: total 12 (initial active 12) (6 cores per cpu, 2 threads per core) family 6 model 158 stepping 10 microcode 0xb4, cx8, cmov, fxsr, ht, mmx, 3dnowpref, sse, sse2, sse3, ssse3, sse4.1, sse4.2, popcnt, lzcnt, tsc, tscinvbit, avx, avx2, aes, erms, clmul, bmi1, bmi2, rtm, adx, fma, vzeroupper, clflush, clflushopt

Memory: 4k page, system-wide physical 16304M (2554M free)
TotalPageFile size 23998M (AvailPageFile size 2705M)
current process WorkingSet (physical memory assigned to process): 24M, peak: 24M
current process commit charge ("private bytes"): 342M, peak: 342M

vm_info: Java HotSpot(TM) 64-Bit Server VM (17.0.12+8-LTS-286) for windows-amd64 JRE (17.0.12+8-LTS-286), built on Jun  5 2024 06:46:59 by "mach5one" with MS VC++ 17.6 (VS2022)

END.
